Using pre-set license
Built from '2020.3/staging' branch; Version is '2020.3.4f1 (0abb6314276a) revision 703331'; Using compiler version '192528614'; Build Type 'Release'
OS: 'Windows 10 Pro; OS build 19043.1826; Version 2009; 64bit' Language: 'pt' Physical Memory: 16207 MB
BatchMode: 1, IsHumanControllingUs: 0, StartBugReporterOnCrash: 0, Is64bit: 1, IsPro: 0

 COMMAND LINE ARGUMENTS:
C:\Program Files\Unity\Editor\Unity.exe
-adb2
-batchMode
-noUpm
-name
AssetImportWorker0
-projectPath
C:/Users/tarde.cetafaju/Downloads/InacioFlarestas/TCCFloresta/TCC EMIPJD3AM - GRUPO 4
-logFile
Logs/AssetImportWorker0.log
-srvPort
60334
Successfully changed project path to: C:/Users/tarde.cetafaju/Downloads/InacioFlarestas/TCCFloresta/TCC EMIPJD3AM - GRUPO 4
C:/Users/tarde.cetafaju/Downloads/InacioFlarestas/TCCFloresta/TCC EMIPJD3AM - GRUPO 4
Using Asset Import Pipeline V2.
Refreshing native plugins compatible for Editor in 34.95 ms, found 0 plugins.
Preloading 0 native plugins for Editor in 0.00 ms.
Initialize engine version: 2020.3.4f1 (0abb6314276a)
[Subsystems] Discovering subsystems at path C:/Program Files/Unity/Editor/Data/Resources/UnitySubsystems
[Subsystems] Discovering subsystems at path C:/Users/tarde.cetafaju/Downloads/InacioFlarestas/TCCFloresta/TCC EMIPJD3AM - GRUPO 4/Assets
GfxDevice: creating device client; threaded=0
Direct3D:
    Version:  Direct3D 11.0 [level 11.1]
    Renderer: AMD Radeon R5 430 (ID=0x6611)
    Vendor:   
    VRAM:     2028 MB
    Driver:   27.20.1032.2
Initialize mono
Mono path[0] = 'C:/Program Files/Unity/Editor/Data/Managed'
Mono path[1] = 'C:/Program Files/Unity/Editor/Data/MonoBleedingEdge/lib/mono/unityjit'
Mono config path = 'C:/Program Files/Unity/Editor/Data/MonoBleedingEdge/etc'
Using monoOptions --debugger-agent=transport=dt_socket,embedding=1,server=y,suspend=n,address=127.0.0.1:56496
Begin MonoManager ReloadAssembly
Registering precompiled unity dll's ...
Register platform support module: C:/Program Files/Unity/Editor/Data/PlaybackEngines/WindowsStandaloneSupport/UnityEditor.WindowsStandalone.Extensions.dll
Registered in 0.002802 seconds.
Native extension for WindowsStandalone target not found
Refreshing native plugins compatible for Editor in 35.12 ms, found 0 plugins.
Preloading 0 native plugins for Editor in 0.00 ms.
Mono: successfully reloaded assembly
- Completed reload, in  1.208 seconds
Platform modules already initialized, skipping
Registering precompiled user dll's ...
Registered in 0.001008 seconds.
Begin MonoManager ReloadAssembly
Native extension for WindowsStandalone target not found
Refreshing native plugins compatible for Editor in 0.32 ms, found 0 plugins.
Preloading 0 native plugins for Editor in 0.00 ms.
Mono: successfully reloaded assembly
- Completed reload, in  0.990 seconds
Platform modules already initialized, skipping
========================================================================
Worker process is ready to serve import requests
Launched and connected shader compiler UnityShaderCompiler.exe after 0.05 seconds
Refreshing native plugins compatible for Editor in 0.66 ms, found 0 plugins.
Preloading 0 native plugins for Editor in 0.00 ms.
Unloading 1350 Unused Serialized files (Serialized files now loaded: 0)
System memory in use before: 68.4 MB.
System memory in use after: 68.5 MB.

Unloading 10 unused Assets to reduce memory usage. Loaded Objects now: 1799.
Total: 2.106300 ms (FindLiveObjects: 0.304100 ms CreateObjectMapping: 0.132500 ms MarkObjects: 1.604800 ms  DeleteObjects: 0.063700 ms)

========================================================================
Received Import Request.
  path: Assets/Animations/Inimigo/Garimpeiro.PRONTO@Unarmed Run Forward.fbx
  artifactKey: Guid(398b95ce8564b8248bcc4ea0f3789af7) Importer(815301076,1909f56bfc062723c751e8b465ee728b)
Start importing Assets/Animations/Inimigo/Garimpeiro.PRONTO@Unarmed Run Forward.fbx using Guid(398b95ce8564b8248bcc4ea0f3789af7) Importer(815301076,1909f56bfc062723c751e8b465ee728b)  -> (artifact id: 'd34739ad6a579b7e71dea09248192b94') in 0.286383 seconds
  Import took 0.289462 seconds .

========================================================================
Received Import Request.
  Time since last request: 36.225037 seconds.
  path: Assets/Animations/Inimigo/Garimpeiro.PRONTO@Unarmed Run Forward.fbx
  artifactKey: Guid(398b95ce8564b8248bcc4ea0f3789af7) Importer(815301076,1909f56bfc062723c751e8b465ee728b)
Start importing Assets/Animations/Inimigo/Garimpeiro.PRONTO@Unarmed Run Forward.fbx using Guid(398b95ce8564b8248bcc4ea0f3789af7) Importer(815301076,1909f56bfc062723c751e8b465ee728b)  -> (artifact id: 'b1d567f67d1c25578525efddc391bbe3') in 0.066588 seconds
  Import took 0.069559 seconds .

========================================================================
Received Import Request.
  Time since last request: 11.016038 seconds.
  path: Assets/Animations/Inimigo/Garimpeiro.PRONTO@Unarmed Run Forward.fbx
  artifactKey: Guid(398b95ce8564b8248bcc4ea0f3789af7) Importer(815301076,1909f56bfc062723c751e8b465ee728b)
Start importing Assets/Animations/Inimigo/Garimpeiro.PRONTO@Unarmed Run Forward.fbx using Guid(398b95ce8564b8248bcc4ea0f3789af7) Importer(815301076,1909f56bfc062723c751e8b465ee728b)  -> (artifact id: 'dfbc15c6743631798c5539611d2b06d1') in 0.051916 seconds
  Import took 0.054939 seconds .

========================================================================
Received Import Request.
  Time since last request: 0.001056 seconds.
  path: Assets/Animations/Inimigo/Garimpeiro.PRONTO@Unarmed Run Forward.fbx
  artifactKey: Guid(398b95ce8564b8248bcc4ea0f3789af7) Importer(815301076,1909f56bfc062723c751e8b465ee728b)
Start importing Assets/Animations/Inimigo/Garimpeiro.PRONTO@Unarmed Run Forward.fbx using Guid(398b95ce8564b8248bcc4ea0f3789af7) Importer(815301076,1909f56bfc062723c751e8b465ee728b)  -> (artifact id: 'dfbc15c6743631798c5539611d2b06d1') in 0.049833 seconds
  Import took 0.052549 seconds .

========================================================================
Received Prepare
Registering precompiled user dll's ...
Registered in 0.000940 seconds.
Begin MonoManager ReloadAssembly
Native extension for WindowsStandalone target not found
Refreshing native plugins compatible for Editor in 0.26 ms, found 0 plugins.
Preloading 0 native plugins for Editor in 0.00 ms.
Mono: successfully reloaded assembly
- Completed reload, in  0.977 seconds
Platform modules already initialized, skipping
Refreshing native plugins compatible for Editor in 0.33 ms, found 0 plugins.
Preloading 0 native plugins for Editor in 0.00 ms.
Unloading 1329 Unused Serialized files (Serialized files now loaded: 0)
System memory in use before: 83.9 MB.
System memory in use after: 84.0 MB.

Unloading 6 unused Assets to reduce memory usage. Loaded Objects now: 1846.
Total: 2.878100 ms (FindLiveObjects: 0.205500 ms CreateObjectMapping: 0.061600 ms MarkObjects: 2.586300 ms  DeleteObjects: 0.023300 ms)

========================================================================
Received Import Request.
  Time since last request: 84.277574 seconds.
  path: Assets/Sprites/Machado.fbx
  artifactKey: Guid(31436a76c092fe747a89578e4afe2022) Importer(815301076,1909f56bfc062723c751e8b465ee728b)
Start importing Assets/Sprites/Machado.fbx using Guid(31436a76c092fe747a89578e4afe2022) Importer(815301076,1909f56bfc062723c751e8b465ee728b)  -> (artifact id: '622e28cc7ce02a013a5d104090bcbb2f') in 0.124132 seconds
  Import took 0.131578 seconds .

========================================================================
Received Prepare
Registering precompiled user dll's ...
Registered in 0.001012 seconds.
Begin MonoManager ReloadAssembly
Native extension for WindowsStandalone target not found
Refreshing native plugins compatible for Editor in 0.28 ms, found 0 plugins.
Preloading 0 native plugins for Editor in 0.00 ms.
Mono: successfully reloaded assembly
- Completed reload, in  0.793 seconds
Platform modules already initialized, skipping
Refreshing native plugins compatible for Editor in 0.26 ms, found 0 plugins.
Preloading 0 native plugins for Editor in 0.00 ms.
Unloading 1329 Unused Serialized files (Serialized files now loaded: 0)
System memory in use before: 83.9 MB.
System memory in use after: 84.0 MB.

Unloading 5 unused Assets to reduce memory usage. Loaded Objects now: 1850.
Total: 1.625600 ms (FindLiveObjects: 0.171900 ms CreateObjectMapping: 0.055200 ms MarkObjects: 1.382500 ms  DeleteObjects: 0.014500 ms)

AssetImportWorkerClient::OnTransportError - code=2 error=End of file
